<?xml version="1.0" encoding="UTF-8"?>
<!-- Generated by org.testng.reporters.JUnitReportReporter -->
<testsuite hostname="192.168.1.81" failures="0" tests="1" name="tests.ProductIsRemovedTest" time="5.289" errors="0" timestamp="21 Sep 2022 19:16:39 GMT" skipped="0">
  <testcase classname="tests.ProductIsRemovedTest" name="productIsRemoved" time="5.289"/>
</testsuite> <!-- tests.ProductIsRemovedTest -->
